2025-11-04 12:39:31,170 - proxy_manager - INFO - Загружено 2 активных прокси
2025-11-04 12:39:31,171 - account_manager - INFO - Загружено 3 аккаунтов
2025-11-04 12:39:31,172 - __main__ - INFO - Найдено 3 аккаунтов для регистрации
2025-11-04 12:39:31,172 - __main__ - INFO - 
==================================================
2025-11-04 12:39:31,173 - __main__ - INFO - Обработка: Pavel (tyistyapde80@outlook.com)
2025-11-04 12:39:31,173 - __main__ - INFO - ==================================================
2025-11-04 12:39:31,173 - etsy_registrator - INFO - Начало обработки аккаунта: Pavel
2025-11-04 12:39:31,778 - etsy_registrator - ERROR - Ошибка получения CSRF токена: HTTPSConnectionPool(host='www.etsy.com', port=443): Max retries exceeded with url: / (Caused by ProxyError('Unable to connect to proxy', NameResolutionError("<urllib3.connection.HTTPSConnection object at 0x7fe90e5d06e0>: Failed to resolve 'us.proxys5.net' ([Errno -2] Name or service not known)")))
2025-11-04 12:39:31,778 - __main__ - INFO - Ожидание 21.3 секунд перед следующим аккаунтом...
2025-11-04 12:39:53,076 - __main__ - INFO - 
==================================================
2025-11-04 12:39:53,076 - __main__ - INFO - Обработка: Ivan (toeenpory00@outlook.com)
2025-11-04 12:39:53,076 - __main__ - INFO - ==================================================
2025-11-04 12:39:53,077 - etsy_registrator - INFO - Начало обработки аккаунта: Ivan
2025-11-04 12:40:24,071 - etsy_registrator - ERROR - Ошибка получения CSRF токена: HTTPSConnectionPool(host='www.etsy.com', port=443): Read timed out. (read timeout=30)
2025-11-04 12:40:24,071 - __main__ - INFO - Ожидание 17.3 секунд перед следующим аккаунтом...
2025-11-04 12:40:41,328 - __main__ - INFO - 
==================================================
2025-11-04 12:40:41,328 - __main__ - INFO - Обработка: Egor (lycaatest76@outlook.com)
2025-11-04 12:40:41,329 - __main__ - INFO - ==================================================
2025-11-04 12:40:41,329 - etsy_registrator - INFO - Начало обработки аккаунта: Egor
2025-11-04 12:40:43,082 - etsy_registrator - WARNING - CSRF токен не найден, используем заглушку
2025-11-04 12:40:44,130 - etsy_registrator - ERROR - Ошибка reCAPTCHA: 400
2025-11-04 12:40:44,131 - __main__ - INFO - Ожидание 21.7 секунд перед следующим аккаунтом...
2025-11-04 12:41:05,827 - __main__ - INFO - 
============================================================
2025-11-04 12:41:05,827 - __main__ - INFO - ФИНАЛЬНЫЕ РЕЗУЛЬТАТЫ РЕГИСТРАЦИИ
2025-11-04 12:41:05,828 - __main__ - INFO - ============================================================
2025-11-04 12:41:05,828 - __main__ - INFO - ❌ Pavel - ОШИБКА
2025-11-04 12:41:05,828 - __main__ - INFO -    Email: tyistyapde80@outlook.com
2025-11-04 12:41:05,829 - __main__ - INFO -    Ошибка: Не удалось получить CSRF токен
2025-11-04 12:41:05,829 - __main__ - INFO - ❌ Ivan - ОШИБКА
2025-11-04 12:41:05,829 - __main__ - INFO -    Email: toeenpory00@outlook.com
2025-11-04 12:41:05,830 - __main__ - INFO -    Ошибка: Не удалось получить CSRF токен
2025-11-04 12:41:05,830 - __main__ - INFO - ❌ Egor - ОШИБКА
2025-11-04 12:41:05,830 - __main__ - INFO -    Email: lycaatest76@outlook.com
2025-11-04 12:41:05,830 - __main__ - INFO -    Ошибка: Не удалось решить reCAPTCHA
2025-11-04 12:41:05,831 - __main__ - INFO - 
Итог: 0/3 успешных регистраций
2025-11-04 12:49:59,310 - __main__ - INFO - === ЗАПУСК РЕГИСТРАЦИИ АККАУНТОВ ===
2025-11-04 12:49:59,311 - proxy_manager - INFO - Загружено 1 активных прокси
2025-11-04 12:49:59,311 - account_manager - INFO - Загружено 3 аккаунтов
2025-11-04 12:49:59,311 - __main__ - INFO - Найдено 3 аккаунтов для регистрации
2025-11-04 12:49:59,311 - __main__ - INFO - 
==================================================
2025-11-04 12:49:59,311 - __main__ - INFO - Аккаунт 1/3: Pavel (tyistyapde80@outlook.com)
2025-11-04 12:49:59,311 - __main__ - INFO - ==================================================
2025-11-04 12:49:59,311 - etsy_register - INFO - Регистрация аккаунта: Pavel
2025-11-04 12:50:01,518 - etsy_register - WARNING - CSRF токен не найден, используем заглушку
2025-11-04 12:50:32,395 - etsy_register - ERROR - Ошибка при решении reCAPTCHA: HTTPSConnectionPool(host='www.google.com', port=443): Max retries exceeded with url: /recaptcha/enterprise/ubd?k=6Ldgkr0ZAAAAAGnf08YhMemepXW29Ux9rtJCcBD3 (Caused by SSLError(SSLEOFError(8, '[SSL: UNEXPECTED_EOF_WHILE_READING] EOF occurred in violation of protocol (_ssl.c:1029)')))
2025-11-04 12:50:32,395 - __main__ - INFO - Ожидание 18.7 секунд перед следующим аккаунтом...
2025-11-04 12:50:51,145 - __main__ - INFO - 
==================================================
2025-11-04 12:50:51,146 - __main__ - INFO - Аккаунт 2/3: Ivan (toeenpory00@outlook.com)
2025-11-04 12:50:51,146 - __main__ - INFO - ==================================================
2025-11-04 12:50:51,146 - etsy_register - INFO - Регистрация аккаунта: Ivan
2025-11-04 12:50:51,428 - etsy_register - WARNING - CSRF токен не найден, используем заглушку
2025-11-04 12:50:52,774 - etsy_register - ERROR - Ошибка reCAPTCHA: 400
2025-11-04 12:50:52,775 - __main__ - INFO - Ожидание 17.4 секунд перед следующим аккаунтом...
2025-11-04 12:51:10,213 - __main__ - INFO - 
==================================================
2025-11-04 12:51:10,213 - __main__ - INFO - Аккаунт 3/3: Egor (lycaatest76@outlook.com)
2025-11-04 12:51:10,214 - __main__ - INFO - ==================================================
2025-11-04 12:51:10,214 - etsy_register - INFO - Регистрация аккаунта: Egor
2025-11-04 12:51:10,590 - etsy_register - WARNING - CSRF токен не найден, используем заглушку
2025-11-04 12:51:11,030 - etsy_register - ERROR - Ошибка reCAPTCHA: 400
2025-11-04 12:51:11,031 - __main__ - INFO - 
============================================================
2025-11-04 12:51:11,031 - __main__ - INFO - РЕЗУЛЬТАТЫ РЕГИСТРАЦИИ
2025-11-04 12:51:11,031 - __main__ - INFO - ============================================================
2025-11-04 12:51:11,032 - __main__ - INFO - ❌ Pavel - ОШИБКА РЕГИСТРАЦИИ
2025-11-04 12:51:11,032 - __main__ - INFO -    Email: tyistyapde80@outlook.com
2025-11-04 12:51:11,032 - __main__ - INFO -    Ошибка: Не удалось решить reCAPTCHA
2025-11-04 12:51:11,032 - __main__ - INFO - ❌ Ivan - ОШИБКА РЕГИСТРАЦИИ
2025-11-04 12:51:11,032 - __main__ - INFO -    Email: toeenpory00@outlook.com
2025-11-04 12:51:11,033 - __main__ - INFO -    Ошибка: Не удалось решить reCAPTCHA
2025-11-04 12:51:11,033 - __main__ - INFO - ❌ Egor - ОШИБКА РЕГИСТРАЦИИ
2025-11-04 12:51:11,033 - __main__ - INFO -    Email: lycaatest76@outlook.com
2025-11-04 12:51:11,033 - __main__ - INFO -    Ошибка: Не удалось решить reCAPTCHA
2025-11-04 12:51:11,033 - __main__ - INFO - 
Итог регистрации: 0/3 успешных регистраций
